<?xml version="1.0" encoding="UTF-8"?>
<testng-results skipped="0" failed="0" ignored="0" total="1" passed="1">
  <reporter-output>
  </reporter-output>
  <suite name="Default suite" duration-ms="94643" started-at="2023-08-03T04:06:04Z" finished-at="2023-08-03T04:07:38Z">
    <groups>
    </groups>
    <test name="Default test" duration-ms="94643" started-at="2023-08-03T04:06:04Z" finished-at="2023-08-03T04:07:38Z">
      <class name="org.task.Task">
        <test-method status="PASS" signature="beforeClass()[pri:0, instance:org.task.Task@1ca901e]" name="beforeClass" is-config="true" duration-ms="11544" started-at="2023-08-03T04:06:04Z" finished-at="2023-08-03T04:06:15Z">
          <reporter-output>
          </reporter-output>
        </test-method> <!-- beforeClass -->
        <test-method status="PASS" signature="carSelection()[pri:0, instance:org.task.Task@1ca901e]" name="carSelection" duration-ms="82198" started-at="2023-08-03T04:06:15Z" finished-at="2023-08-03T04:07:37Z">
          <reporter-output>
          </reporter-output>
        </test-method> <!-- carSelection -->
        <test-method status="PASS" signature="afterClass()[pri:0, instance:org.task.Task@1ca901e]" name="afterClass" is-config="true" duration-ms="827" started-at="2023-08-03T04:07:37Z" finished-at="2023-08-03T04:07:38Z">
          <reporter-output>
          </reporter-output>
        </test-method> <!-- afterClass -->
      </class> <!-- org.task.Task -->
    </test> <!-- Default test -->
  </suite> <!-- Default suite -->
</testng-results>
